\BOOKMARK [0][-]{chapter.1}{EINLEITUNG}{}% 1
\BOOKMARK [0][-]{chapter.2}{Wohin\040sich\040nur\040wenige\040wagen}{}% 2
\BOOKMARK [0][-]{chapter.3}{DIE\040ERWACHTE\040WELT}{}% 3
\BOOKMARK [1][-]{section.3.1}{Erwacht\040geboren}{chapter.3}% 4
\BOOKMARK [2][-]{subsection.3.1.1}{Magie\040in\040der\040Pokultur}{section.3.1}% 5
\BOOKMARK [2][-]{subsection.3.1.2}{Magie\040in\040Volkskulturen}{section.3.1}% 6
\BOOKMARK [2][-]{subsection.3.1.3}{Magie\040im\040Schulsystem}{section.3.1}% 7
\BOOKMARK [2][-]{subsection.3.1.4}{Magie an der Universität}{section.3.1}% 8
\BOOKMARK [2][-]{subsection.3.1.5}{Im Sold der Mächtigen}{section.3.1}% 9
\BOOKMARK [2][-]{subsection.3.1.6}{Im\040Dienst\040der\040Kirche}{section.3.1}% 10
\BOOKMARK [2][-]{subsection.3.1.7}{Magie\040in\040dern\040Schatten}{section.3.1}% 11
\BOOKMARK [0][-]{chapter.4}{Magie\040in\040der\040Welt}{}% 12
\BOOKMARK [1][-]{section.4.1}{Gesetze\040der\040Magie}{chapter.4}% 13
\BOOKMARK [2][-]{subsection.4.1.1}{Die\040Regeln,\040die\040wir\040aufstellen}{section.4.1}% 14
\BOOKMARK [0][-]{chapter.5}{Magische\040Traditionen}{}% 15
\BOOKMARK [1][-]{section.5.1}{Das Rückgrat unseres Glaubens}{chapter.5}% 16
\BOOKMARK [0][-]{chapter.6}{Unter\040dem\040Kreuz\040Hervor}{}% 17
\BOOKMARK [1][-]{section.6.1}{Traditionen\040unserer\040Welt}{chapter.6}% 18
\BOOKMARK [2][-]{subsection.6.1.1}{Aztekische\040Tradition}{section.6.1}% 19
\BOOKMARK [2][-]{subsection.6.1.2}{Brockenhexen}{section.6.1}% 20
\BOOKMARK [2][-]{subsection.6.1.3}{Buddhistische\040Tradition}{section.6.1}% 21
\BOOKMARK [2][-]{subsection.6.1.4}{Chaosmagie}{section.6.1}% 22
\BOOKMARK [2][-]{subsection.6.1.5}{Christliche\040Theurgie}{section.6.1}% 23
\BOOKMARK [2][-]{subsection.6.1.6}{Druidische\040Tradition}{section.6.1}% 24
\BOOKMARK [2][-]{subsection.6.1.7}{Faustianer}{section.6.1}% 25
\BOOKMARK [2][-]{subsection.6.1.8}{Hinduistische\040Tradition}{section.6.1}% 26
\BOOKMARK [2][-]{subsection.6.1.9}{Islamistische\040Tradition}{section.6.1}% 27
\BOOKMARK [2][-]{subsection.6.1.10}{Kabbalistische\040Tradition}{section.6.1}% 28
\BOOKMARK [2][-]{subsection.6.1.11}{Pfad\040des\040Rades}{section.6.1}% 29
\BOOKMARK [2][-]{subsection.6.1.12}{Schwarze\040Magie}{section.6.1}% 30
\BOOKMARK [2][-]{subsection.6.1.13}{Shinto-Tadition}{section.6.1}% 31
\BOOKMARK [2][-]{subsection.6.1.14}{Sioux-Tradition}{section.6.1}% 32
\BOOKMARK [2][-]{subsection.6.1.15}{Sorbische\040Theurgie}{section.6.1}% 33
\BOOKMARK [2][-]{subsection.6.1.16}{Strassenhexen}{section.6.1}% 34
\BOOKMARK [2][-]{subsection.6.1.17}{Voodoo}{section.6.1}% 35
\BOOKMARK [2][-]{subsection.6.1.18}{Wicca-Tradition}{section.6.1}% 36
\BOOKMARK [2][-]{subsection.6.1.19}{Wuxing-Tradition}{section.6.1}% 37
\BOOKMARK [2][-]{subsection.6.1.20}{Zarathustrische\040Tradition}{section.6.1}% 38
