This is XeTeX, Version 3.14159265-2.6-0.999991 (MiKTeX 2.9.7250 64-bit) (preloaded format=xelatex 2020.1.2)  11 JAN 2020 17:46
entering extended mode
**./Boxes.tex
(Boxes.tex
LaTeX2e <2019-10-01> patch level 3
("C:\Utility\MiKTeX 2.9\tex/latex/base\book.cls"
Document Class: book 2019/10/25 v1.4k Standard LaTeX document class
("C:\Utility\MiKTeX 2.9\tex/latex/base\bk10.clo"
File: bk10.clo 2019/10/25 v1.4k Standard LaTeX file (size option)
)
\c@part=\count80
\c@chapter=\count81
\c@section=\count82
\c@subsection=\count83
\c@subsubsection=\count84
\c@paragraph=\count85
\c@subparagraph=\count86
\c@figure=\count87
\c@table=\count88
\abovecaptionskip=\skip41
\belowcaptionskip=\skip42
\bibindent=\dimen102
)
("C:\Utility\MiKTeX 2.9\tex/latex/xcolor\xcolor.sty"
Package: xcolor 2016/05/11 v2.12 LaTeX color extensions (UK)

("C:\Utility\MiKTeX 2.9\tex/latex/graphics-cfg\color.cfg"
File: color.cfg 2016/01/02 v1.6 sample color configuration
)
Package xcolor Info: Package option `dvipdfx' ignored on input line 216.
Package xcolor Info: Driver file: xetex.def on input line 225.

("C:\Utility\MiKTeX 2.9\tex/latex/graphics-def\xetex.def"
File: xetex.def 2017/06/24 v5.0h Graphics/color driver for xetex
)
Package xcolor Info: Model `cmy' substituted by `cmy0' on input line 1348.
Package xcolor Info: Model `RGB' extended on input line 1364.
Package xcolor Info: Model `HTML' substituted by `rgb' on input line 1366.
Package xcolor Info: Model `Hsb' substituted by `hsb' on input line 1367.
Package xcolor Info: Model `tHsb' substituted by `hsb' on input line 1368.
Package xcolor Info: Model `HSB' substituted by `hsb' on input line 1369.
Package xcolor Info: Model `Gray' substituted by `gray' on input line 1370.
Package xcolor Info: Model `wave' substituted by `hsb' on input line 1371.
)
(C:\Users\Tobias\AppData\Roaming\MiKTeX\2.9\tex/latex/lipsum\lipsum.sty
("C:\Utility\MiKTeX 2.9\tex/latex/l3kernel\expl3.sty"
Package: expl3 2019-11-07 L3 programming layer (loader) 

("C:\Utility\MiKTeX 2.9\tex/latex/l3kernel\expl3-code.tex"
Package: expl3 2019-11-07 L3 programming layer (code)
\c_max_int=\count89
\l_tmpa_int=\count90
\l_tmpb_int=\count91
\g_tmpa_int=\count92
\g_tmpb_int=\count93
\l__seq_internal_a_int=\count94
\l__seq_internal_b_int=\count95
\g__kernel_prg_map_int=\count96
\c__ior_term_noprompt_ior=\count97
\c_log_iow=\count98
\l_iow_line_count_int=\count99
\l__iow_line_target_int=\count100
\l__iow_one_indent_int=\count101
\l__iow_indent_int=\count102
\c_zero_dim=\dimen103
\c_max_dim=\dimen104
\l_tmpa_dim=\dimen105
\l_tmpb_dim=\dimen106
\g_tmpa_dim=\dimen107
\g_tmpb_dim=\dimen108
\c_zero_skip=\skip43
\c_max_skip=\skip44
\l_tmpa_skip=\skip45
\l_tmpb_skip=\skip46
\g_tmpa_skip=\skip47
\g_tmpb_skip=\skip48
\c_zero_muskip=\muskip10
\c_max_muskip=\muskip11
\l_tmpa_muskip=\muskip12
\l_tmpb_muskip=\muskip13
\g_tmpa_muskip=\muskip14
\g_tmpb_muskip=\muskip15
\l_keys_choice_int=\count103
\l__intarray_loop_int=\count104
\c__intarray_sp_dim=\dimen109
\g__intarray_font_int=\count105
\c__fp_leading_shift_int=\count106
\c__fp_middle_shift_int=\count107
\c__fp_trailing_shift_int=\count108
\c__fp_big_leading_shift_int=\count109
\c__fp_big_middle_shift_int=\count110
\c__fp_big_trailing_shift_int=\count111
\c__fp_Bigg_leading_shift_int=\count112
\c__fp_Bigg_middle_shift_int=\count113
\c__fp_Bigg_trailing_shift_int=\count114
\g__fp_array_int=\count115
\l__fp_array_loop_int=\count116
\l__sort_length_int=\count117
\l__sort_min_int=\count118
\l__sort_top_int=\count119
\l__sort_max_int=\count120
\l__sort_true_max_int=\count121
\l__sort_block_int=\count122
\l__sort_begin_int=\count123
\l__sort_end_int=\count124
\l__sort_A_int=\count125
\l__sort_B_int=\count126
\l__sort_C_int=\count127
\l__str_internal_int=\count128
\l__tl_analysis_normal_int=\count129
\l__tl_analysis_index_int=\count130
\l__tl_analysis_nesting_int=\count131
\l__tl_analysis_type_int=\count132
\l__regex_internal_a_int=\count133
\l__regex_internal_b_int=\count134
\l__regex_internal_c_int=\count135
\l__regex_balance_int=\count136
\l__regex_group_level_int=\count137
\l__regex_mode_int=\count138
\c__regex_cs_in_class_mode_int=\count139
\c__regex_cs_mode_int=\count140
\l__regex_catcodes_int=\count141
\l__regex_default_catcodes_int=\count142
\c__regex_catcode_L_int=\count143
\c__regex_catcode_O_int=\count144
\c__regex_catcode_A_int=\count145
\c__regex_all_catcodes_int=\count146
\l__regex_show_lines_int=\count147
\l__regex_min_state_int=\count148
\l__regex_max_state_int=\count149
\l__regex_left_state_int=\count150
\l__regex_right_state_int=\count151
\l__regex_capturing_group_int=\count152
\l__regex_min_pos_int=\count153
\l__regex_max_pos_int=\count154
\l__regex_curr_pos_int=\count155
\l__regex_start_pos_int=\count156
\l__regex_success_pos_int=\count157
\l__regex_curr_char_int=\count158
\l__regex_curr_catcode_int=\count159
\l__regex_last_char_int=\count160
\l__regex_case_changed_char_int=\count161
\l__regex_curr_state_int=\count162
\l__regex_step_int=\count163
\l__regex_min_active_int=\count164
\l__regex_max_active_int=\count165
\l__regex_replacement_csnames_int=\count166
\l__regex_match_count_int=\count167
\l__regex_min_submatch_int=\count168
\l__regex_submatch_int=\count169
\l__regex_zeroth_submatch_int=\count170
\g__regex_trace_regex_int=\count171
\c_empty_box=\box27
\l_tmpa_box=\box28
\l_tmpb_box=\box29
\g_tmpa_box=\box30
\g_tmpb_box=\box31
\l__box_top_dim=\dimen110
\l__box_bottom_dim=\dimen111
\l__box_left_dim=\dimen112
\l__box_right_dim=\dimen113
\l__box_top_new_dim=\dimen114
\l__box_bottom_new_dim=\dimen115
\l__box_left_new_dim=\dimen116
\l__box_right_new_dim=\dimen117
\l__box_internal_box=\box32
\l__coffin_internal_box=\box33
\l__coffin_internal_dim=\dimen118
\l__coffin_offset_x_dim=\dimen119
\l__coffin_offset_y_dim=\dimen120
\l__coffin_x_dim=\dimen121
\l__coffin_y_dim=\dimen122
\l__coffin_x_prime_dim=\dimen123
\l__coffin_y_prime_dim=\dimen124
\c_empty_coffin=\box34
\l__coffin_aligned_coffin=\box35
\l__coffin_aligned_internal_coffin=\box36
\l_tmpa_coffin=\box37
\l_tmpb_coffin=\box38
\g_tmpa_coffin=\box39
\g_tmpb_coffin=\box40
\l__coffin_bounding_shift_dim=\dimen125
\l__coffin_left_corner_dim=\dimen126
\l__coffin_right_corner_dim=\dimen127
\l__coffin_bottom_corner_dim=\dimen128
\l__coffin_top_corner_dim=\dimen129
\l__coffin_scaled_total_height_dim=\dimen130
\l__coffin_scaled_width_dim=\dimen131
\c__coffin_empty_coffin=\box41
\l__coffin_display_coffin=\box42
\l__coffin_display_coord_coffin=\box43
\l__coffin_display_pole_coffin=\box44
\l__coffin_display_offset_dim=\dimen132
\l__coffin_display_x_dim=\dimen133
\l__coffin_display_y_dim=\dimen134
\g__char_data_ior=\read1

("C:\Utility\MiKTeX 2.9\tex/latex/l3kernel\l3deprecation.def"
File: l3deprecation.def 2019-04-06 v L3 Deprecated functions
))
("C:\Utility\MiKTeX 2.9\tex/latex/l3backend\l3backend-xdvipdfmx.def"
File: l3backend-xdvipdfmx.def 2019-04-06 L3 backend support: xdvipdfmx
\g__graphics_track_int=\count172
\l__pdf_internal_box=\box45
\g__pdf_backend_object_int=\count173
\g__pdf_backend_annotation_int=\count174
))
("C:\Utility\MiKTeX 2.9\tex/latex/l3packages/xparse\xparse.sty"
Package: xparse 2019-10-11 L3 Experimental document command parser
\l__xparse_current_arg_int=\count175
\g__xparse_grabber_int=\count176
\l__xparse_m_args_int=\count177
\l__xparse_v_nesting_int=\count178
)
Package: lipsum 2019/01/02 v2.2 150 paragraphs of Lorem Ipsum dummy text

(C:\Users\Tobias\AppData\Roaming\MiKTeX\2.9\tex/latex/lipsum\lipsum.ltd.tex
File: lipsum.ltd.tex 2019/01/02 v2.2 The Lorem ipsum dummy text
))
(C:\Users\Tobias\AppData\Roaming\MiKTeX\2.9\tex/latex/pgf/frontendlayer\tikz.st
y (C:\Users\Tobias\AppData\Roaming\MiKTeX\2.9\tex/latex/pgf/basiclayer\pgf.sty
(C:\Users\Tobias\AppData\Roaming\MiKTeX\2.9\tex/latex/pgf/utilities\pgfrcs.sty
(C:\Users\Tobias\AppData\Roaming\MiKTeX\2.9\tex/generic/pgf/utilities\pgfutil-c
ommon.tex
\pgfutil@everybye=\toks14
\pgfutil@tempdima=\dimen135
\pgfutil@tempdimb=\dimen136

(C:\Users\Tobias\AppData\Roaming\MiKTeX\2.9\tex/generic/pgf/utilities\pgfutil-c
ommon-lists.tex))
(C:\Users\Tobias\AppData\Roaming\MiKTeX\2.9\tex/generic/pgf/utilities\pgfutil-l
atex.def
\pgfutil@abb=\box46
 ("C:\Utility\MiKTeX 2.9\tex/latex/ms\everyshi.sty"
Package: everyshi 2001/05/15 v3.00 EveryShipout Package (MS)
))
(C:\Users\Tobias\AppData\Roaming\MiKTeX\2.9\tex/generic/pgf/utilities\pgfrcs.co
de.tex
(C:\Users\Tobias\AppData\Roaming\MiKTeX\2.9\tex/generic/pgf\pgf.revision.tex)
Package: pgfrcs 2019/12/21 v3.1.5a (3.1.5a)
))
Package: pgf 2019/12/21 v3.1.5a (3.1.5a)

(C:\Users\Tobias\AppData\Roaming\MiKTeX\2.9\tex/latex/pgf/basiclayer\pgfcore.st
y ("C:\Utility\MiKTeX 2.9\tex/latex/graphics\graphicx.sty"
Package: graphicx 2017/06/01 v1.1a Enhanced LaTeX Graphics (DPC,SPQR)

("C:\Utility\MiKTeX 2.9\tex/latex/graphics\keyval.sty"
Package: keyval 2014/10/28 v1.15 key=value parser (DPC)
\KV@toks@=\toks15
)
("C:\Utility\MiKTeX 2.9\tex/latex/graphics\graphics.sty"
Package: graphics 2019/11/01 v1.3d Standard LaTeX Graphics (DPC,SPQR)

("C:\Utility\MiKTeX 2.9\tex/latex/graphics\trig.sty"
Package: trig 2016/01/03 v1.10 sin cos tan (DPC)
)
("C:\Utility\MiKTeX 2.9\tex/latex/graphics-cfg\graphics.cfg"
File: graphics.cfg 2016/06/04 v1.11 sample graphics configuration
)
Package graphics Info: Driver file: xetex.def on input line 105.
)
\Gin@req@height=\dimen137
\Gin@req@width=\dimen138
)
(C:\Users\Tobias\AppData\Roaming\MiKTeX\2.9\tex/latex/pgf/systemlayer\pgfsys.st
y
(C:\Users\Tobias\AppData\Roaming\MiKTeX\2.9\tex/generic/pgf/systemlayer\pgfsys.
code.tex
Package: pgfsys 2019/12/21 v3.1.5a (3.1.5a)

(C:\Users\Tobias\AppData\Roaming\MiKTeX\2.9\tex/generic/pgf/utilities\pgfkeys.c
ode.tex
\pgfkeys@pathtoks=\toks16
\pgfkeys@temptoks=\toks17

(C:\Users\Tobias\AppData\Roaming\MiKTeX\2.9\tex/generic/pgf/utilities\pgfkeysfi
ltered.code.tex
\pgfkeys@tmptoks=\toks18
))
\pgf@x=\dimen139
\pgf@y=\dimen140
\pgf@xa=\dimen141
\pgf@ya=\dimen142
\pgf@xb=\dimen143
\pgf@yb=\dimen144
\pgf@xc=\dimen145
\pgf@yc=\dimen146
\pgf@xd=\dimen147
\pgf@yd=\dimen148
\w@pgf@writea=\write3
\r@pgf@reada=\read2
\c@pgf@counta=\count179
\c@pgf@countb=\count180
\c@pgf@countc=\count181
\c@pgf@countd=\count182
\t@pgf@toka=\toks19
\t@pgf@tokb=\toks20
\t@pgf@tokc=\toks21
\pgf@sys@id@count=\count183

(C:\Users\Tobias\AppData\Roaming\MiKTeX\2.9\tex/generic/pgf/systemlayer\pgf.cfg
File: pgf.cfg 2019/12/21 v3.1.5a (3.1.5a)
)
Driver file for pgf: pgfsys-xetex.def

(C:\Users\Tobias\AppData\Roaming\MiKTeX\2.9\tex/generic/pgf/systemlayer\pgfsys-
xetex.def
File: pgfsys-xetex.def 2019/12/21 v3.1.5a (3.1.5a)

(C:\Users\Tobias\AppData\Roaming\MiKTeX\2.9\tex/generic/pgf/systemlayer\pgfsys-
dvipdfmx.def
File: pgfsys-dvipdfmx.def 2019/12/21 v3.1.5a (3.1.5a)

(C:\Users\Tobias\AppData\Roaming\MiKTeX\2.9\tex/generic/pgf/systemlayer\pgfsys-
common-pdf.def
File: pgfsys-common-pdf.def 2019/12/21 v3.1.5a (3.1.5a)
)
\pgfsys@objnum=\count184
)))
(C:\Users\Tobias\AppData\Roaming\MiKTeX\2.9\tex/generic/pgf/systemlayer\pgfsyss
oftpath.code.tex
File: pgfsyssoftpath.code.tex 2019/12/21 v3.1.5a (3.1.5a)
\pgfsyssoftpath@smallbuffer@items=\count185
\pgfsyssoftpath@bigbuffer@items=\count186
)
(C:\Users\Tobias\AppData\Roaming\MiKTeX\2.9\tex/generic/pgf/systemlayer\pgfsysp
rotocol.code.tex
File: pgfsysprotocol.code.tex 2019/12/21 v3.1.5a (3.1.5a)
))
(C:\Users\Tobias\AppData\Roaming\MiKTeX\2.9\tex/generic/pgf/basiclayer\pgfcore.
code.tex
Package: pgfcore 2019/12/21 v3.1.5a (3.1.5a)

(C:\Users\Tobias\AppData\Roaming\MiKTeX\2.9\tex/generic/pgf/math\pgfmath.code.t
ex
(C:\Users\Tobias\AppData\Roaming\MiKTeX\2.9\tex/generic/pgf/math\pgfmathcalc.co
de.tex
(C:\Users\Tobias\AppData\Roaming\MiKTeX\2.9\tex/generic/pgf/math\pgfmathutil.co
de.tex)
(C:\Users\Tobias\AppData\Roaming\MiKTeX\2.9\tex/generic/pgf/math\pgfmathparser.
code.tex
\pgfmath@dimen=\dimen149
\pgfmath@count=\count187
\pgfmath@box=\box47
\pgfmath@toks=\toks22
\pgfmath@stack@operand=\toks23
\pgfmath@stack@operation=\toks24
)
(C:\Users\Tobias\AppData\Roaming\MiKTeX\2.9\tex/generic/pgf/math\pgfmathfunctio
ns.code.tex
(C:\Users\Tobias\AppData\Roaming\MiKTeX\2.9\tex/generic/pgf/math\pgfmathfunctio
ns.basic.code.tex)
(C:\Users\Tobias\AppData\Roaming\MiKTeX\2.9\tex/generic/pgf/math\pgfmathfunctio
ns.trigonometric.code.tex)
(C:\Users\Tobias\AppData\Roaming\MiKTeX\2.9\tex/generic/pgf/math\pgfmathfunctio
ns.random.code.tex)
(C:\Users\Tobias\AppData\Roaming\MiKTeX\2.9\tex/generic/pgf/math\pgfmathfunctio
ns.comparison.code.tex)
(C:\Users\Tobias\AppData\Roaming\MiKTeX\2.9\tex/generic/pgf/math\pgfmathfunctio
ns.base.code.tex)
(C:\Users\Tobias\AppData\Roaming\MiKTeX\2.9\tex/generic/pgf/math\pgfmathfunctio
ns.round.code.tex)
(C:\Users\Tobias\AppData\Roaming\MiKTeX\2.9\tex/generic/pgf/math\pgfmathfunctio
ns.misc.code.tex)
(C:\Users\Tobias\AppData\Roaming\MiKTeX\2.9\tex/generic/pgf/math\pgfmathfunctio
ns.integerarithmetics.code.tex)))
(C:\Users\Tobias\AppData\Roaming\MiKTeX\2.9\tex/generic/pgf/math\pgfmathfloat.c
ode.tex
\c@pgfmathroundto@lastzeros=\count188
))
(C:\Users\Tobias\AppData\Roaming\MiKTeX\2.9\tex/generic/pgf/math\pgfint.code.te
x)
(C:\Users\Tobias\AppData\Roaming\MiKTeX\2.9\tex/generic/pgf/basiclayer\pgfcorep
oints.code.tex
File: pgfcorepoints.code.tex 2019/12/21 v3.1.5a (3.1.5a)
\pgf@picminx=\dimen150
\pgf@picmaxx=\dimen151
\pgf@picminy=\dimen152
\pgf@picmaxy=\dimen153
\pgf@pathminx=\dimen154
\pgf@pathmaxx=\dimen155
\pgf@pathminy=\dimen156
\pgf@pathmaxy=\dimen157
\pgf@xx=\dimen158
\pgf@xy=\dimen159
\pgf@yx=\dimen160
\pgf@yy=\dimen161
\pgf@zx=\dimen162
\pgf@zy=\dimen163
)
(C:\Users\Tobias\AppData\Roaming\MiKTeX\2.9\tex/generic/pgf/basiclayer\pgfcorep
athconstruct.code.tex
File: pgfcorepathconstruct.code.tex 2019/12/21 v3.1.5a (3.1.5a)
\pgf@path@lastx=\dimen164
\pgf@path@lasty=\dimen165
)
(C:\Users\Tobias\AppData\Roaming\MiKTeX\2.9\tex/generic/pgf/basiclayer\pgfcorep
athusage.code.tex
File: pgfcorepathusage.code.tex 2019/12/21 v3.1.5a (3.1.5a)
\pgf@shorten@end@additional=\dimen166
\pgf@shorten@start@additional=\dimen167
)
(C:\Users\Tobias\AppData\Roaming\MiKTeX\2.9\tex/generic/pgf/basiclayer\pgfcores
copes.code.tex
File: pgfcorescopes.code.tex 2019/12/21 v3.1.5a (3.1.5a)
\pgfpic=\box48
\pgf@hbox=\box49
\pgf@layerbox@main=\box50
\pgf@picture@serial@count=\count189
)
(C:\Users\Tobias\AppData\Roaming\MiKTeX\2.9\tex/generic/pgf/basiclayer\pgfcoreg
raphicstate.code.tex
File: pgfcoregraphicstate.code.tex 2019/12/21 v3.1.5a (3.1.5a)
\pgflinewidth=\dimen168
)
(C:\Users\Tobias\AppData\Roaming\MiKTeX\2.9\tex/generic/pgf/basiclayer\pgfcoret
ransformations.code.tex
File: pgfcoretransformations.code.tex 2019/12/21 v3.1.5a (3.1.5a)
\pgf@pt@x=\dimen169
\pgf@pt@y=\dimen170
\pgf@pt@temp=\dimen171
)
(C:\Users\Tobias\AppData\Roaming\MiKTeX\2.9\tex/generic/pgf/basiclayer\pgfcoreq
uick.code.tex
File: pgfcorequick.code.tex 2019/12/21 v3.1.5a (3.1.5a)
)
(C:\Users\Tobias\AppData\Roaming\MiKTeX\2.9\tex/generic/pgf/basiclayer\pgfcoreo
bjects.code.tex
File: pgfcoreobjects.code.tex 2019/12/21 v3.1.5a (3.1.5a)
)
(C:\Users\Tobias\AppData\Roaming\MiKTeX\2.9\tex/generic/pgf/basiclayer\pgfcorep
athprocessing.code.tex
File: pgfcorepathprocessing.code.tex 2019/12/21 v3.1.5a (3.1.5a)
)
(C:\Users\Tobias\AppData\Roaming\MiKTeX\2.9\tex/generic/pgf/basiclayer\pgfcorea
rrows.code.tex
File: pgfcorearrows.code.tex 2019/12/21 v3.1.5a (3.1.5a)
\pgfarrowsep=\dimen172
)
(C:\Users\Tobias\AppData\Roaming\MiKTeX\2.9\tex/generic/pgf/basiclayer\pgfcores
hade.code.tex
File: pgfcoreshade.code.tex 2019/12/21 v3.1.5a (3.1.5a)
\pgf@max=\dimen173
\pgf@sys@shading@range@num=\count190
\pgf@shadingcount=\count191
)
(C:\Users\Tobias\AppData\Roaming\MiKTeX\2.9\tex/generic/pgf/basiclayer\pgfcorei
mage.code.tex
File: pgfcoreimage.code.tex 2019/12/21 v3.1.5a (3.1.5a)

(C:\Users\Tobias\AppData\Roaming\MiKTeX\2.9\tex/generic/pgf/basiclayer\pgfcoree
xternal.code.tex
File: pgfcoreexternal.code.tex 2019/12/21 v3.1.5a (3.1.5a)
\pgfexternal@startupbox=\box51
))
(C:\Users\Tobias\AppData\Roaming\MiKTeX\2.9\tex/generic/pgf/basiclayer\pgfcorel
ayers.code.tex
File: pgfcorelayers.code.tex 2019/12/21 v3.1.5a (3.1.5a)
)
(C:\Users\Tobias\AppData\Roaming\MiKTeX\2.9\tex/generic/pgf/basiclayer\pgfcoret
ransparency.code.tex
File: pgfcoretransparency.code.tex 2019/12/21 v3.1.5a (3.1.5a)
)
(C:\Users\Tobias\AppData\Roaming\MiKTeX\2.9\tex/generic/pgf/basiclayer\pgfcorep
atterns.code.tex
File: pgfcorepatterns.code.tex 2019/12/21 v3.1.5a (3.1.5a)
)
(C:\Users\Tobias\AppData\Roaming\MiKTeX\2.9\tex/generic/pgf/basiclayer\pgfcorer
df.code.tex
File: pgfcorerdf.code.tex 2019/12/21 v3.1.5a (3.1.5a)
)))
(C:\Users\Tobias\AppData\Roaming\MiKTeX\2.9\tex/generic/pgf/modules\pgfmodulesh
apes.code.tex
File: pgfmoduleshapes.code.tex 2019/12/21 v3.1.5a (3.1.5a)
\pgfnodeparttextbox=\box52
)
(C:\Users\Tobias\AppData\Roaming\MiKTeX\2.9\tex/generic/pgf/modules\pgfmodulepl
ot.code.tex
File: pgfmoduleplot.code.tex 2019/12/21 v3.1.5a (3.1.5a)
)
(C:\Users\Tobias\AppData\Roaming\MiKTeX\2.9\tex/latex/pgf/compatibility\pgfcomp
-version-0-65.sty
Package: pgfcomp-version-0-65 2019/12/21 v3.1.5a (3.1.5a)
\pgf@nodesepstart=\dimen174
\pgf@nodesepend=\dimen175
)
(C:\Users\Tobias\AppData\Roaming\MiKTeX\2.9\tex/latex/pgf/compatibility\pgfcomp
-version-1-18.sty
Package: pgfcomp-version-1-18 2019/12/21 v3.1.5a (3.1.5a)
))
(C:\Users\Tobias\AppData\Roaming\MiKTeX\2.9\tex/latex/pgf/utilities\pgffor.sty
(C:\Users\Tobias\AppData\Roaming\MiKTeX\2.9\tex/latex/pgf/utilities\pgfkeys.sty

(C:\Users\Tobias\AppData\Roaming\MiKTeX\2.9\tex/generic/pgf/utilities\pgfkeys.c
ode.tex))
(C:\Users\Tobias\AppData\Roaming\MiKTeX\2.9\tex/latex/pgf/math\pgfmath.sty
(C:\Users\Tobias\AppData\Roaming\MiKTeX\2.9\tex/generic/pgf/math\pgfmath.code.t
ex))
(C:\Users\Tobias\AppData\Roaming\MiKTeX\2.9\tex/generic/pgf/utilities\pgffor.co
de.tex
Package: pgffor 2019/12/21 v3.1.5a (3.1.5a)

(C:\Users\Tobias\AppData\Roaming\MiKTeX\2.9\tex/generic/pgf/math\pgfmath.code.t
ex)
\pgffor@iter=\dimen176
\pgffor@skip=\dimen177
\pgffor@stack=\toks25
\pgffor@toks=\toks26
))
(C:\Users\Tobias\AppData\Roaming\MiKTeX\2.9\tex/generic/pgf/frontendlayer/tikz\
tikz.code.tex
Package: tikz 2019/12/21 v3.1.5a (3.1.5a)

(C:\Users\Tobias\AppData\Roaming\MiKTeX\2.9\tex/generic/pgf/libraries\pgflibrar
yplothandlers.code.tex
File: pgflibraryplothandlers.code.tex 2019/12/21 v3.1.5a (3.1.5a)
\pgf@plot@mark@count=\count192
\pgfplotmarksize=\dimen178
)
\tikz@lastx=\dimen179
\tikz@lasty=\dimen180
\tikz@lastxsaved=\dimen181
\tikz@lastysaved=\dimen182
\tikz@lastmovetox=\dimen183
\tikz@lastmovetoy=\dimen184
\tikzleveldistance=\dimen185
\tikzsiblingdistance=\dimen186
\tikz@figbox=\box53
\tikz@figbox@bg=\box54
\tikz@tempbox=\box55
\tikz@tempbox@bg=\box56
\tikztreelevel=\count193
\tikznumberofchildren=\count194
\tikznumberofcurrentchild=\count195
\tikz@fig@count=\count196

(C:\Users\Tobias\AppData\Roaming\MiKTeX\2.9\tex/generic/pgf/modules\pgfmodulema
trix.code.tex
File: pgfmodulematrix.code.tex 2019/12/21 v3.1.5a (3.1.5a)
\pgfmatrixcurrentrow=\count197
\pgfmatrixcurrentcolumn=\count198
\pgf@matrix@numberofcolumns=\count199
)
\tikz@expandcount=\count266

(C:\Users\Tobias\AppData\Roaming\MiKTeX\2.9\tex/generic/pgf/frontendlayer/tikz/
libraries\tikzlibrarytopaths.code.tex
File: tikzlibrarytopaths.code.tex 2019/12/21 v3.1.5a (3.1.5a)
)))
(C:\Users\Tobias\AppData\Roaming\MiKTeX\2.9\tex/generic/pgf/frontendlayer/tikz/
libraries\tikzlibraryfadings.code.tex
File: tikzlibraryfadings.code.tex 2019/12/21 v3.1.5a (3.1.5a)

(C:\Users\Tobias\AppData\Roaming\MiKTeX\2.9\tex/generic/pgf/libraries\pgflibrar
yfadings.code.tex
File: pgflibraryfadings.code.tex 2019/12/21 v3.1.5a (3.1.5a)
))
(C:\Users\Tobias\AppData\Roaming\MiKTeX\2.9\tex/generic/pgf/frontendlayer/tikz/
libraries\tikzlibrarypatterns.code.tex
File: tikzlibrarypatterns.code.tex 2019/12/21 v3.1.5a (3.1.5a)

(C:\Users\Tobias\AppData\Roaming\MiKTeX\2.9\tex/generic/pgf/libraries\pgflibrar
ypatterns.code.tex
File: pgflibrarypatterns.code.tex 2019/12/21 v3.1.5a (3.1.5a)
))
(C:\Users\Tobias\AppData\Roaming\MiKTeX\2.9\tex/latex/pgf/frontendlayer/librari
es\tikzlibraryexternal.code.tex
("C:\Utility\MiKTeX 2.9\tex/latex/pdftexcmds\pdftexcmds.sty"
Package: pdftexcmds 2019/11/24 v0.31 Utility functions of pdfTeX for LuaTeX (HO
)

(C:\Users\Tobias\AppData\Roaming\MiKTeX\2.9\tex/generic/infwarerr\infwarerr.sty
Package: infwarerr 2019/12/03 v1.5 Providing info/warning/error messages (HO)
) ("C:\Utility\MiKTeX 2.9\tex/generic/iftex\iftex.sty"
Package: iftex 2019/11/07 v1.0c TeX engine tests
)
(C:\Users\Tobias\AppData\Roaming\MiKTeX\2.9\tex/generic/ltxcmds\ltxcmds.sty
Package: ltxcmds 2019/12/15 v1.24 LaTeX kernel commands for general use (HO)
)
Package pdftexcmds Info: \pdf@primitive is available.
Package pdftexcmds Info: \pdf@ifprimitive is available.
Package pdftexcmds Info: \pdfdraftmode not found.
)
(C:\Users\Tobias\AppData\Roaming\MiKTeX\2.9\tex/latex/atveryend\atveryend.sty
Package: atveryend 2019-12-11 v1.11 Hooks at the very end of document (HO)
Package atveryend Info: \enddocument detected (standard20110627).
)
(C:\Users\Tobias\AppData\Roaming\MiKTeX\2.9\tex/generic/pgf/frontendlayer/tikz/
libraries\tikzexternalshared.code.tex))
(C:\Users\Tobias\AppData\Roaming\MiKTeX\2.9\tex/generic/pgf/frontendlayer/tikz/
libraries\tikzlibrarycalc.code.tex
File: tikzlibrarycalc.code.tex 2019/12/21 v3.1.5a (3.1.5a)
)
("C:\Utility\MiKTeX 2.9\tex/latex/tcolorbox\tcolorbox.sty"
Package: tcolorbox 2019/11/15 version 4.22 text color boxes

("C:\Utility\MiKTeX 2.9\tex/latex/tools\verbatim.sty"
Package: verbatim 2019/11/10 v1.5r LaTeX2e package for verbatim enhancements
\every@verbatim=\toks27
\verbatim@line=\toks28
\verbatim@in@stream=\read3
)
("C:\Utility\MiKTeX 2.9\tex/latex/environ\environ.sty"
Package: environ 2014/05/04 v0.3 A new way to define environments

("C:\Utility\MiKTeX 2.9\tex/latex/trimspaces\trimspaces.sty"
Package: trimspaces 2009/09/17 v1.1 Trim spaces around a token list
)
\@envbody=\toks29
)
("C:\Utility\MiKTeX 2.9\tex/latex/etoolbox\etoolbox.sty"
Package: etoolbox 2019/09/21 v2.5h e-TeX tools for LaTeX (JAW)
\etb@tempcnta=\count267
)
\tcb@titlebox=\box57
\tcb@upperbox=\box58
\tcb@lowerbox=\box59
\tcb@phantombox=\box60
\c@tcbbreakpart=\count268
\c@tcblayer=\count269
\tcolorbox@number=\count270
\tcb@temp=\box61
\tcb@temp=\box62
\tcb@temp=\box63
\tcb@temp=\box64
\tcb@out=\write4
\tcb@record@out=\write5

("C:\Utility\MiKTeX 2.9\tex/latex/tcolorbox\tcbraster.code.tex"
Library (tcolorbox): 'tcbraster.code.tex' version '4.22'
\c@tcbrastercolumn=\count271
\c@tcbrasterrow=\count272
\c@tcbraster=\count273
) ("C:\Utility\MiKTeX 2.9\tex/latex/tcolorbox\tcbskins.code.tex"
Library (tcolorbox): 'tcbskins.code.tex' version '4.22'
\tcb@waterbox=\box65
("C:\Utility\MiKTeX 2.9\tex/latex/tcolorbox\tcbskinsjigsaw.code.tex"
Library (tcolorbox): 'tcbskinsjigsaw.code.tex' version '4.22'
)) ("C:\Utility\MiKTeX 2.9\tex/latex/tcolorbox\tcbbreakable.code.tex"
Library (tcolorbox): 'tcbbreakable.code.tex' version '4.22'
\tcb@testbox=\box66
\tcb@totalupperbox=\box67
\tcb@totallowerbox=\box68
) ("C:\Utility\MiKTeX 2.9\tex/latex/tcolorbox\tcbhooks.code.tex"
Library (tcolorbox): 'tcbhooks.code.tex' version '4.22'
) ("C:\Utility\MiKTeX 2.9\tex/latex/tcolorbox\tcbtheorems.code.tex"
Library (tcolorbox): 'tcbtheorems.code.tex' version '4.22'
("C:\Utility\MiKTeX 2.9\tex/latex/amsmath\amsmath.sty"
Package: amsmath 2019/11/16 v2.17d AMS math features
\@mathmargin=\skip49

For additional information on amsmath, use the `?' option.
("C:\Utility\MiKTeX 2.9\tex/latex/amsmath\amstext.sty"
Package: amstext 2000/06/29 v2.01 AMS text

("C:\Utility\MiKTeX 2.9\tex/latex/amsmath\amsgen.sty"
File: amsgen.sty 1999/11/30 v2.0 generic functions
\@emptytoks=\toks30
\ex@=\dimen187
))
("C:\Utility\MiKTeX 2.9\tex/latex/amsmath\amsbsy.sty"
Package: amsbsy 1999/11/29 v1.2d Bold Symbols
\pmbraise@=\dimen188
)
("C:\Utility\MiKTeX 2.9\tex/latex/amsmath\amsopn.sty"
Package: amsopn 2016/03/08 v2.02 operator names
)
\inf@bad=\count274
LaTeX Info: Redefining \frac on input line 227.
\uproot@=\count275
\leftroot@=\count276
LaTeX Info: Redefining \overline on input line 389.
\classnum@=\count277
\DOTSCASE@=\count278
LaTeX Info: Redefining \ldots on input line 486.
LaTeX Info: Redefining \dots on input line 489.
LaTeX Info: Redefining \cdots on input line 610.
\Mathstrutbox@=\box69
\strutbox@=\box70
\big@size=\dimen189
LaTeX Font Info:    Redeclaring font encoding OML on input line 733.
LaTeX Font Info:    Redeclaring font encoding OMS on input line 734.
\macc@depth=\count279
\c@MaxMatrixCols=\count280
\dotsspace@=\muskip16
\c@parentequation=\count281
\dspbrk@lvl=\count282
\tag@help=\toks31
\row@=\count283
\column@=\count284
\maxfields@=\count285
\andhelp@=\toks32
\eqnshift@=\dimen190
\alignsep@=\dimen191
\tagshift@=\dimen192
\tagwidth@=\dimen193
\totwidth@=\dimen194
\lineht@=\dimen195
\@envbody=\toks33
\multlinegap=\skip50
\multlinetaggap=\skip51
\mathdisplay@stack=\toks34
LaTeX Info: Redefining \[ on input line 2858.
LaTeX Info: Redefining \] on input line 2859.
))
("C:\Utility\MiKTeX 2.9\tex/latex/tcolorbox\tcbfitting.code.tex"
Library (tcolorbox): 'tcbfitting.code.tex' version '4.22'
\tcbfitdim=\dimen196
\tcb@lowerfitdim=\dimen197
\tcb@upperfitdim=\dimen198
\tcb@cur@hbadness=\count286
) ("C:\Utility\MiKTeX 2.9\tex/latex/tcolorbox\tcbxparse.code.tex"
Library (tcolorbox): 'tcbxparse.code.tex' version '4.22'
) ("C:\Utility\MiKTeX 2.9\tex/latex/tcolorbox\tcblistingsutf8.code.tex"
Library (tcolorbox): 'tcblistingsutf8.code.tex' version '4.22'

(C:\Users\Tobias\AppData\Roaming\MiKTeX\2.9\tex/latex/listingsutf8\listingsutf8
.sty
Package: listingsutf8 2019-12-10 v1.5 Allow UTF-8 in listings input (HO)

(C:\Users\Tobias\AppData\Roaming\MiKTeX\2.9\tex/latex/listings\listings.sty
\lst@mode=\count287
\lst@gtempboxa=\box71
\lst@token=\toks35
\lst@length=\count288
\lst@currlwidth=\dimen199
\lst@column=\count289
\lst@pos=\count290
\lst@lostspace=\dimen256
\lst@width=\dimen257
\lst@newlines=\count291
\lst@lineno=\count292
\lst@maxwidth=\dimen258

(C:\Users\Tobias\AppData\Roaming\MiKTeX\2.9\tex/latex/listings\lstmisc.sty
File: lstmisc.sty 2019/09/10 1.8c (Carsten Heinz)
\c@lstnumber=\count293
\lst@skipnumbers=\count294
\lst@framebox=\box72
)
(C:\Users\Tobias\AppData\Roaming\MiKTeX\2.9\tex/latex/listings\listings.cfg
File: listings.cfg 2019/09/10 1.8c listings configuration
))
Package: listings 2019/09/10 1.8c (Carsten Heinz)


Package listingsutf8 Warning: Package loading is aborted because of missing \pd
f@unescapehex.
(listingsutf8)                It is provided by pdfTeX >= 1.30.

) ("C:\Utility\MiKTeX 2.9\tex/latex/tcolorbox\tcblistings.code.tex"
Library (tcolorbox): 'tcblistings.code.tex' version '4.22'
("C:\Utility\MiKTeX 2.9\tex/latex/tcolorbox\tcblistingscore.code.tex"
Library (tcolorbox): 'tcblistingscore.code.tex' version '4.22'
("C:\Utility\MiKTeX 2.9\tex/latex/tcolorbox\tcbprocessing.code.tex"
Library (tcolorbox): 'tcbprocessing.code.tex' version '4.22'
("C:\Utility\MiKTeX 2.9\tex/latex/tools\shellesc.sty"
Package: shellesc 2019/11/08 v1.0c unified shell escape interface for LaTeX
Package shellesc Info: Restricted shell escape enabled on input line 77.
))
\c@tcblisting=\count295
)))
("C:\Utility\MiKTeX 2.9\tex/latex/tcolorbox\tcbexternal.code.tex"
Library (tcolorbox): 'tcbexternal.code.tex' version '4.22'
) ("C:\Utility\MiKTeX 2.9\tex/latex/tcolorbox\tcbmagazine.code.tex"
Library (tcolorbox): 'tcbmagazine.code.tex' version '4.22'
) ("C:\Utility\MiKTeX 2.9\tex/latex/tcolorbox\tcbvignette.code.tex"
Library (tcolorbox): 'tcbvignette.code.tex' version '4.22'
) ("C:\Utility\MiKTeX 2.9\tex/latex/tcolorbox\tcbposter.code.tex"
Library (tcolorbox): 'tcbposter.code.tex' version '4.22'
))
(C:\Users\Tobias\AppData\Roaming\MiKTeX\2.9\tex/latex/geometry-de\geometry.sty
Package: geometry 2010/09/12 v5.6 Page Geometry

("C:\Utility\MiKTeX 2.9\tex/generic/iftex\ifpdf.sty"
Package: ifpdf 2019/10/25 v3.4 ifpdf legacy package. Use iftex instead.
)
("C:\Utility\MiKTeX 2.9\tex/generic/iftex\ifvtex.sty"
Package: ifvtex 2019/10/25 v1.7 ifvtex legacy package. Use iftex instead.
)
("C:\Utility\MiKTeX 2.9\tex/generic/iftex\ifxetex.sty"
Package: ifxetex 2019/10/25 v0.7 ifxetex legacy package. Use iftex instead.
)
\Gm@cnth=\count296
\Gm@cntv=\count297
\c@Gm@tempcnt=\count298
\Gm@bindingoffset=\dimen259
\Gm@wd@mp=\dimen260
\Gm@odd@mp=\dimen261
\Gm@even@mp=\dimen262
\Gm@layoutwidth=\dimen263
\Gm@layoutheight=\dimen264
\Gm@layouthoffset=\dimen265
\Gm@layoutvoffset=\dimen266
\Gm@dimlist=\toks36

("C:\Utility\MiKTeX 2.9\tex/xelatex/xetexconfig\geometry.cfg")) (Boxes.aux)
\openout1 = `Boxes.aux'.

LaTeX Font Info:    Checking defaults for OML/cmm/m/it on input line 39.
LaTeX Font Info:    ... okay on input line 39.
LaTeX Font Info:    Checking defaults for T1/cmr/m/n on input line 39.
LaTeX Font Info:    ... okay on input line 39.
LaTeX Font Info:    Checking defaults for OT1/cmr/m/n on input line 39.
LaTeX Font Info:    ... okay on input line 39.
LaTeX Font Info:    Checking defaults for OMS/cmsy/m/n on input line 39.
LaTeX Font Info:    ... okay on input line 39.
LaTeX Font Info:    Checking defaults for TU/lmr/m/n on input line 39.
LaTeX Font Info:    ... okay on input line 39.
LaTeX Font Info:    Checking defaults for OMX/cmex/m/n on input line 39.
LaTeX Font Info:    ... okay on input line 39.
LaTeX Font Info:    Checking defaults for U/cmr/m/n on input line 39.
LaTeX Font Info:    ... okay on input line 39.

ABD: EveryShipout initializing macros
\c@lstlisting=\count299

("C:\Utility\MiKTeX 2.9\tex/latex/base\inputenc.sty"
Package: inputenc 2018/08/11 v1.3c Input encoding file
\inpenc@prehook=\toks37
\inpenc@posthook=\toks38
)
*geometry* detected driver: pdftex
*geometry* verbose mode - [ preamble ] result:
* driver: pdftex
* paper: a4paper
* layout: <same size as paper>
* layoutoffset:(h,v)=(0.0pt,0.0pt)
* modes: includehead includefoot twoside 
* h-part:(L,W,R)=(56.9055pt, 497.92325pt, 42.67912pt)
* v-part:(T,H,B)=(0.0pt, 825.12993pt, 19.91692pt)
* \paperwidth=597.50787pt
* \paperheight=845.04684pt
* \textwidth=497.92325pt
* \textheight=674.33035pt
* \oddsidemargin=-15.36449pt
* \evensidemargin=-29.59087pt
* \topmargin=-72.26999pt
* \headheight=65.44133pt
* \headsep=19.91692pt
* \topskip=10.0pt
* \footskip=65.44133pt
* \marginparwidth=48.0pt
* \marginparsep=10.0pt
* \columnsep=10.0pt
* \skip\footins=9.0pt plus 4.0pt minus 2.0pt
* \hoffset=0.0pt
* \voffset=0.0pt
* \mag=1000
* \@twocolumntrue
* \@twosidetrue
* \@mparswitchtrue
* \@reversemarginfalse
* (1in=72.27pt=25.4mm, 1cm=28.453pt)

File: .././core/images/Skyline_Seattle_schwarz_1920x1080px.jpg Graphic file (ty
pe bmp)
<.././core/images/Skyline_Seattle_schwarz_1920x1080px.jpg>
File: .././core/images/scanlines.png Graphic file (type bmp)
<.././core/images/scanlines.png>
File: .././core/images/pattern.png Graphic file (type bmp)
<.././core/images/pattern.png>

Overfull \hbox (167.87119pt too wide) in paragraph at lines 71--71
[][] 
 []


Underfull \vbox (badness 10000) has occurred while \output is active []

 [1

]
Package atveryend Info: Empty hook `BeforeClearDocument' on input line 74.
Package atveryend Info: Empty hook `AfterLastShipout' on input line 74.

(Boxes.aux)
Package atveryend Info: Executing hook `AtVeryEndDocument' on input line 74.
Package atveryend Info: Empty hook `AtEndAfterFileList' on input line 74.
Package atveryend Info: Empty hook `AtVeryVeryEnd' on input line 74.
 ) 
Here is how much of TeX's memory you used:
 28987 strings out of 427265
 608138 string characters out of 3147679
 965969 words of memory out of 3000000
 33148 multiletter control sequences out of 15000+200000
 532346 words of font info for 25 fonts, out of 3000000 for 9000
 1348 hyphenation exceptions out of 8191
 64i,5n,103p,926b,894s stack positions out of 5000i,500n,10000p,200000b,50000s

Output written on Boxes.pdf (1 page).
